<?xml version="1.0" encoding="UTF-8"?>
<!-- Generated by org.testng.reporters.JUnitReportReporter -->
<testsuite hostname="SaiKumar" failures="0" tests="5" name="Runner.TestRunner" time="101.663" errors="0" timestamp="2024-12-29T19:10:08 IST" skipped="0">
  <testcase classname="Runner.TestRunner" name="runScenario" time="20.058"/>
  <system-out/>
  <testcase classname="Runner.TestRunner" name="runScenario" time="20.194"/>
  <system-out/>
  <testcase classname="Runner.TestRunner" name="runScenario" time="20.384"/>
  <system-out/>
  <testcase classname="Runner.TestRunner" name="runScenario" time="21.483"/>
  <system-out/>
  <testcase classname="Runner.TestRunner" name="runScenario" time="19.544"/>
  <system-out/>
</testsuite> <!-- Runner.TestRunner -->
